INFO: 2023-06-19 13:46:53,423: main() 'Using profile folder /home/twilight/.config/variety/'
INFO: 2023-06-19 13:46:53,423: perform_upgrade() 'Last run version was 0.8.10 or earlier, current version is 0.8.10'
ERROR: 2023-06-19 13:46:53,423: perform_upgrade() 'Error during version upgrade. Continuing.'
Traceback (most recent call last):
  File "/usr/lib/python3.11/site-packages/variety/VarietyWindow.py", line 2283, in perform_upgrade
    if Util.compare_versions(last_version, "0.4.13") < 0:
       ^^^^^^^^^^^^^^^^^^^^^^^^^^^^^^^^^^^^^^^^^^^^^
  File "/usr/lib/python3.11/site-packages/variety/Util.py", line 768, in compare_versions
    from pkg_resources import parse_version
ModuleNotFoundError: No module named 'pkg_resources'
INFO: 2023-06-19 13:46:53,424: process_command() 'Received command: ['--profile', '/home/twilight/.config/variety/']'
INFO: 2023-06-19 13:46:53,425: start() 'Using data_path /usr/share/variety'
INFO: 2023-06-19 13:46:53,425: load() 'Jumble loading'
INFO: 2023-06-19 13:46:53,425: _walk_modules() 'Jumble loading module in __init__ from /usr/lib/python3.11/site-packages/variety/plugins/builtin/__init__.py'
INFO: 2023-06-19 13:46:53,425: _walk_modules() 'Jumble loading module in GnomeDisplayModesPlugin from /usr/lib/python3.11/site-packages/variety/plugins/builtin/display_modes/GnomeDisplayModesPlugin.py'
INFO: 2023-06-19 13:46:53,426: load() 'Jumble found plugin class: <class 'GnomeDisplayModesPlugin.GnomeDisplayModesPlugin'>: {'name': 'GnomeDisplayModesPlugin', 'description': 'Display modes relying on the underlying desktop environment', 'version': '1.0', 'author': 'Peter Levi'}'
INFO: 2023-06-19 13:46:53,426: _walk_modules() 'Jumble loading module in LegacyDisplayModesPlugin from /usr/lib/python3.11/site-packages/variety/plugins/builtin/display_modes/LegacyDisplayModesPlugin.py'
INFO: 2023-06-19 13:46:53,426: load() 'Jumble found plugin class: <class 'LegacyDisplayModesPlugin.LegacyDisplayModesPlugin'>: {'name': 'LegacyDisplayModesPlugin', 'description': 'Legacy display mode for compatibility with past Variety versions', 'version': '1.0', 'author': 'Peter Levi'}'
INFO: 2023-06-19 13:46:53,426: _walk_modules() 'Jumble loading module in ResizingDisplayModesPlugin from /usr/lib/python3.11/site-packages/variety/plugins/builtin/display_modes/ResizingDisplayModesPlugin.py'
INFO: 2023-06-19 13:46:53,426: load() 'Jumble found plugin class: <class 'ResizingDisplayModesPlugin.ResizingDisplayModesPlugin'>: {'name': 'ResizingDisplayModesPlugin', 'description': 'Display modes that use image resizing within Variety', 'version': '1.0', 'author': 'Peter Levi'}'
INFO: 2023-06-19 13:46:53,426: _walk_modules() 'Jumble loading module in __init__ from /usr/lib/python3.11/site-packages/variety/plugins/builtin/display_modes/__init__.py'
INFO: 2023-06-19 13:46:53,426: _walk_modules() 'Jumble loading module in APODDownloader from /usr/lib/python3.11/site-packages/variety/plugins/builtin/downloaders/APODDownloader.py'
INFO: 2023-06-19 13:46:53,427: load() 'Jumble found plugin class: <class 'APODDownloader.APODDownloader'>: {'name': 'APODDownloader', 'description': 'NASA Astro Pic of the Day', 'author': 'Peter Levi', 'version': '0.1'}'
INFO: 2023-06-19 13:46:53,427: _walk_modules() 'Jumble loading module in ArtStationDownloader from /usr/lib/python3.11/site-packages/variety/plugins/builtin/downloaders/ArtStationDownloader.py'
INFO: 2023-06-19 13:46:53,427: _walk_modules() 'Jumble loading module in ArtStationSource from /usr/lib/python3.11/site-packages/variety/plugins/builtin/downloaders/ArtStationSource.py'
INFO: 2023-06-19 13:46:53,427: load() 'Jumble found plugin class: <class 'ArtStationSource.ArtStationSource'>: {'name': 'ArtStationSource', 'description': 'Configurable source for fetching images from ArtStation', 'author': 'Denis Gordeev', 'version': '0.1'}'
INFO: 2023-06-19 13:46:53,427: _walk_modules() 'Jumble loading module in BingDownloader from /usr/lib/python3.11/site-packages/variety/plugins/builtin/downloaders/BingDownloader.py'
INFO: 2023-06-19 13:46:53,428: load() 'Jumble found plugin class: <class 'BingDownloader.BingDownloader'>: {'name': 'BingDownloader', 'description': 'Bing Photo of the Day', 'author': 'Peter Levi', 'version': '0.1'}'
INFO: 2023-06-19 13:46:53,428: _walk_modules() 'Jumble loading module in EarthviewDownloader from /usr/lib/python3.11/site-packages/variety/plugins/builtin/downloaders/EarthviewDownloader.py'
INFO: 2023-06-19 13:46:53,428: load() 'Jumble found plugin class: <class 'EarthviewDownloader.EarthviewDownloader'>: {'name': 'EarthviewDownloader', 'description': 'Google Earth View Wallpapers', 'author': 'Peter Levi', 'version': '0.1'}'
INFO: 2023-06-19 13:46:53,428: _walk_modules() 'Jumble loading module in MediaRSSDownloader from /usr/lib/python3.11/site-packages/variety/plugins/builtin/downloaders/MediaRSSDownloader.py'
INFO: 2023-06-19 13:46:53,428: _walk_modules() 'Jumble loading module in MediaRSSSource from /usr/lib/python3.11/site-packages/variety/plugins/builtin/downloaders/MediaRSSSource.py'
INFO: 2023-06-19 13:46:53,429: load() 'Jumble found plugin class: <class 'MediaRSSSource.MediaRSSSource'>: {'name': 'MediaRSSSource', 'description': 'Configurable source for fetching images from MediaRSS feeds', 'author': 'Peter Levi', 'version': '0.1'}'
INFO: 2023-06-19 13:46:53,429: _walk_modules() 'Jumble loading module in NationalGeographicDownloader from /usr/lib/python3.11/site-packages/variety/plugins/builtin/downloaders/NationalGeographicDownloader.py'
INFO: 2023-06-19 13:46:53,429: load() 'Jumble found plugin class: <class 'NationalGeographicDownloader.NationalGeographicDownloader'>: {'name': 'NationalGeographicDownloader', 'description': "National Geographic's photo of the day", 'author': 'Eric Rösch', 'version': '0.1'}'
INFO: 2023-06-19 13:46:53,429: _walk_modules() 'Jumble loading module in RedditDownloader from /usr/lib/python3.11/site-packages/variety/plugins/builtin/downloaders/RedditDownloader.py'
INFO: 2023-06-19 13:46:53,429: _walk_modules() 'Jumble loading module in RedditSource from /usr/lib/python3.11/site-packages/variety/plugins/builtin/downloaders/RedditSource.py'
INFO: 2023-06-19 13:46:53,430: load() 'Jumble found plugin class: <class 'RedditSource.RedditSource'>: {'name': 'RedditSource', 'description': 'Configurable source for fetching images from Reddit', 'author': 'Peter Levi', 'version': '0.1'}'
INFO: 2023-06-19 13:46:53,430: _walk_modules() 'Jumble loading module in UnsplashConfigurableSource from /usr/lib/python3.11/site-packages/variety/plugins/builtin/downloaders/UnsplashConfigurableSource.py'
INFO: 2023-06-19 13:46:53,430: load() 'Jumble found plugin class: <class 'UnsplashConfigurableSource.UnsplashConfigurableSource'>: {'name': 'UnsplashConfigurableSource', 'description': 'Configurable source for fetching photos from Unsplash.com', 'author': 'Peter Levi', 'version': '0.1'}'
INFO: 2023-06-19 13:46:53,430: _walk_modules() 'Jumble loading module in UnsplashDownloader from /usr/lib/python3.11/site-packages/variety/plugins/builtin/downloaders/UnsplashDownloader.py'
INFO: 2023-06-19 13:46:53,430: load() 'Jumble found plugin class: <class 'UnsplashDownloader.UnsplashDownloader'>: {'name': 'UnsplashDownloader', 'description': 'High-resolution photos from Unsplash.com', 'author': 'Peter Levi', 'version': '0.1'}'
INFO: 2023-06-19 13:46:53,430: _walk_modules() 'Jumble loading module in WallhavenDownloader from /usr/lib/python3.11/site-packages/variety/plugins/builtin/downloaders/WallhavenDownloader.py'
INFO: 2023-06-19 13:46:53,431: _walk_modules() 'Jumble loading module in WallhavenLegacyDownloader from /usr/lib/python3.11/site-packages/variety/plugins/builtin/downloaders/WallhavenLegacyDownloader.py'
INFO: 2023-06-19 13:46:53,431: _walk_modules() 'Jumble loading module in WallhavenSource from /usr/lib/python3.11/site-packages/variety/plugins/builtin/downloaders/WallhavenSource.py'
INFO: 2023-06-19 13:46:53,432: load() 'Jumble found plugin class: <class 'WallhavenSource.WallhavenSource'>: {'name': 'WallhavenSource', 'description': 'Configurable source for fetching images from Wallhaven.cc', 'author': 'Peter Levi', 'version': '0.1'}'
INFO: 2023-06-19 13:46:53,432: _walk_modules() 'Jumble loading module in __init__ from /usr/lib/python3.11/site-packages/variety/plugins/builtin/downloaders/__init__.py'
INFO: 2023-06-19 13:46:53,432: _walk_modules() 'Jumble loading module in FortuneSource from /usr/lib/python3.11/site-packages/variety/plugins/builtin/quotes/FortuneSource.py'
INFO: 2023-06-19 13:46:53,432: load() 'Jumble found plugin class: <class 'FortuneSource.FortuneSource'>: {'name': 'UNIX fortune program', 'description': 'Displays quotes using the UNIX fortune program. You may want to install additional fortune packs, e.g. fortunes-bofh-excuses.', 'author': 'Dan Jones', 'version': '0.1'}'
INFO: 2023-06-19 13:46:53,432: _walk_modules() 'Jumble loading module in GoodreadsSource from /usr/lib/python3.11/site-packages/variety/plugins/builtin/quotes/GoodreadsSource.py'
INFO: 2023-06-19 13:46:53,448: load() 'Jumble found plugin class: <class 'GoodreadsSource.GoodreadsSource'>: {'name': 'Goodreads', 'description': 'Fetches quotes from Goodreads.com', 'author': 'Peter Levi', 'version': '0.1'}'
INFO: 2023-06-19 13:46:53,449: _walk_modules() 'Jumble loading module in LocalFilesSource from /usr/lib/python3.11/site-packages/variety/plugins/builtin/quotes/LocalFilesSource.py'
INFO: 2023-06-19 13:46:53,449: load() 'Jumble found plugin class: <class 'LocalFilesSource.LocalFilesSource'>: {'name': 'Local text files', 'description': 'Displays quotes, defined in local text files.\nPut your own txt files in: /home/twilight/.config/variety/pluginconfig/quotes/.\nThe file format is:\n\nquote -- author\n.\nsecond quote -- another author\n.\netc...\n\nExample: http://rvelthuis.de/zips/quotes.txt', 'author': 'Peter Levi', 'version': '0.1'}'
INFO: 2023-06-19 13:46:53,449: _walk_modules() 'Jumble loading module in QuotationsPageSource from /usr/lib/python3.11/site-packages/variety/plugins/builtin/quotes/QuotationsPageSource.py'
INFO: 2023-06-19 13:46:53,449: load() 'Jumble found plugin class: <class 'QuotationsPageSource.QuotationsPageSource'>: {'name': 'TheQuotationsPage.com', 'description': 'Fetches quotes from TheQuotationsPage.com', 'author': 'Peter Levi', 'version': '0.1'}'
INFO: 2023-06-19 13:46:53,449: _walk_modules() 'Jumble loading module in UrbanDictionarySource from /usr/lib/python3.11/site-packages/variety/plugins/builtin/quotes/UrbanDictionarySource.py'
INFO: 2023-06-19 13:46:53,449: load() 'Jumble found plugin class: <class 'UrbanDictionarySource.UrbanDictionarySource'>: {'name': 'Urban Dictionary', 'description': 'Displays definitions from Urban Dictionary', 'author': 'James Miller', 'version': '0.1'}'
INFO: 2023-06-19 13:46:53,449: _walk_modules() 'Jumble loading module in __init__ from /usr/lib/python3.11/site-packages/variety/plugins/builtin/quotes/__init__.py'
INFO: 2023-06-19 13:46:53,455: log_options() 'Loaded options:'
INFO: 2023-06-19 13:46:53,456: log_options() 'change_enabled = True'
INFO: 2023-06-19 13:46:53,456: log_options() 'change_interval = 300'
INFO: 2023-06-19 13:46:53,456: log_options() 'change_on_start = False'
INFO: 2023-06-19 13:46:53,456: log_options() 'clipboard_enabled = False'
INFO: 2023-06-19 13:46:53,456: log_options() 'clipboard_hosts = ['wallhaven.cc', 'wallpapers.net', 'flickr.com', 'imgur.com', 'deviantart.com', 'interfacelift.com', 'vladstudio.com', 'imageshack.us', 'deviantart.net', 'imageshack.com']'
INFO: 2023-06-19 13:46:53,456: log_options() 'clipboard_use_whitelist = True'
INFO: 2023-06-19 13:46:53,456: log_options() 'clock_date_font = Serif 30'
INFO: 2023-06-19 13:46:53,456: log_options() 'clock_enabled = False'
INFO: 2023-06-19 13:46:53,456: log_options() 'clock_filter = -density 100 -font `fc-match -f '%{file[0]}' '%CLOCK_FONT_NAME'` -pointsize %CLOCK_FONT_SIZE -gravity SouthEast -fill '#00000044' -annotate 0x0+[%HOFFSET+58]+[%VOFFSET+108] '%H:%M' -fill white -annotate 0x0+[%HOFFSET+60]+[%VOFFSET+110] '%H:%M' -font `fc-match -f '%{file[0]}' '%DATE_FONT_NAME'` -pointsize %DATE_FONT_SIZE -fill '#00000044' -annotate 0x0+[%HOFFSET+58]+[%VOFFSET+58] '%A, %B %d' -fill white -annotate 0x0+[%HOFFSET+60]+[%VOFFSET+60] '%A, %B %d''
INFO: 2023-06-19 13:46:53,456: log_options() 'clock_font = Serif 70'
INFO: 2023-06-19 13:46:53,456: log_options() 'configfile = /home/twilight/.config/variety/variety.conf'
INFO: 2023-06-19 13:46:53,456: log_options() 'copyto_enabled = False'
INFO: 2023-06-19 13:46:53,456: log_options() 'copyto_folder = Default'
INFO: 2023-06-19 13:46:53,456: log_options() 'desired_color = [160, 160, 160]'
INFO: 2023-06-19 13:46:53,456: log_options() 'desired_color_enabled = False'
INFO: 2023-06-19 13:46:53,456: log_options() 'download_folder = /home/twilight/.config/variety/Downloaded'
INFO: 2023-06-19 13:46:53,456: log_options() 'download_preference_ratio = 0.9'
INFO: 2023-06-19 13:46:53,456: log_options() 'favorites_folder = /home/twilight/.config/variety/Favorites'
INFO: 2023-06-19 13:46:53,456: log_options() 'favorites_operations = [['Downloaded', 'Copy'], ['Fetched', 'Move'], ['Others', 'Copy']]'
INFO: 2023-06-19 13:46:53,456: log_options() 'fetched_folder = /home/twilight/.config/variety/Fetched'
INFO: 2023-06-19 13:46:53,456: log_options() 'filters = [[False, 'Keep original', ''], [False, 'Grayscale', '-type Grayscale'], [False, 'Heavy blur', '-scale 20% -blur 0x10 -resize 500%'], [False, 'Soft blur', '-scale 20% -blur 0x2 -resize 500%'], [False, 'Oil painting', '-paint 8'], [False, 'Pointilism', '-spread 10 -noise 3'], [False, 'Pixellate', '-scale 3% -scale 3333%']]'
INFO: 2023-06-19 13:46:53,456: log_options() 'get_wallpaper_script = /home/twilight/.config/variety/scripts/get_wallpaper'
INFO: 2023-06-19 13:46:53,456: log_options() 'icon = Light'
INFO: 2023-06-19 13:46:53,456: log_options() 'internet_enabled = False'
INFO: 2023-06-19 13:46:53,456: log_options() 'lightness_enabled = False'
INFO: 2023-06-19 13:46:53,456: log_options() 'lightness_mode = 0'
INFO: 2023-06-19 13:46:53,456: log_options() 'min_rating = 4'
INFO: 2023-06-19 13:46:53,456: log_options() 'min_rating_enabled = False'
INFO: 2023-06-19 13:46:53,456: log_options() 'min_size = 80'
INFO: 2023-06-19 13:46:53,456: log_options() 'min_size_enabled = False'
INFO: 2023-06-19 13:46:53,456: log_options() 'quota_enabled = True'
INFO: 2023-06-19 13:46:53,456: log_options() 'quota_size = 1000'
INFO: 2023-06-19 13:46:53,456: log_options() 'quotes_authors = '
INFO: 2023-06-19 13:46:53,456: log_options() 'quotes_bg_color = [80, 80, 80]'
INFO: 2023-06-19 13:46:53,456: log_options() 'quotes_bg_opacity = 55'
INFO: 2023-06-19 13:46:53,456: log_options() 'quotes_change_enabled = False'
INFO: 2023-06-19 13:46:53,456: log_options() 'quotes_change_interval = 300'
INFO: 2023-06-19 13:46:53,456: log_options() 'quotes_disabled_sources = ['Urban Dictionary']'
INFO: 2023-06-19 13:46:53,456: log_options() 'quotes_enabled = False'
INFO: 2023-06-19 13:46:53,456: log_options() 'quotes_favorites_file = /home/twilight/.config/variety/favorite_quotes.txt'
INFO: 2023-06-19 13:46:53,456: log_options() 'quotes_font = Serif 30'
INFO: 2023-06-19 13:46:53,456: log_options() 'quotes_hpos = 100'
INFO: 2023-06-19 13:46:53,456: log_options() 'quotes_max_length = 250'
INFO: 2023-06-19 13:46:53,456: log_options() 'quotes_tags = '
INFO: 2023-06-19 13:46:53,456: log_options() 'quotes_text_color = [255, 255, 255]'
INFO: 2023-06-19 13:46:53,456: log_options() 'quotes_text_shadow = False'
INFO: 2023-06-19 13:46:53,456: log_options() 'quotes_vpos = 40'
INFO: 2023-06-19 13:46:53,456: log_options() 'quotes_width = 70'
INFO: 2023-06-19 13:46:53,456: log_options() 'safe_mode = False'
INFO: 2023-06-19 13:46:53,456: log_options() 'set_wallpaper_script = /home/twilight/.config/variety/scripts/set_wallpaper'
INFO: 2023-06-19 13:46:53,456: log_options() 'slideshow_custom_enabled = False'
INFO: 2023-06-19 13:46:53,456: log_options() 'slideshow_custom_folder = /home/twilight'
INFO: 2023-06-19 13:46:53,456: log_options() 'slideshow_downloads_enabled = False'
INFO: 2023-06-19 13:46:53,456: log_options() 'slideshow_fade = 0.4'
INFO: 2023-06-19 13:46:53,456: log_options() 'slideshow_favorites_enabled = True'
INFO: 2023-06-19 13:46:53,456: log_options() 'slideshow_mode = Fullscreen'
INFO: 2023-06-19 13:46:53,456: log_options() 'slideshow_monitor = All'
INFO: 2023-06-19 13:46:53,456: log_options() 'slideshow_pan = 0.05'
INFO: 2023-06-19 13:46:53,456: log_options() 'slideshow_seconds = 6.0'
INFO: 2023-06-19 13:46:53,456: log_options() 'slideshow_sort_order = Random'
INFO: 2023-06-19 13:46:53,456: log_options() 'slideshow_sources_enabled = True'
INFO: 2023-06-19 13:46:53,456: log_options() 'slideshow_zoom = 0.2'
INFO: 2023-06-19 13:46:53,456: log_options() 'smart_enabled = False'
INFO: 2023-06-19 13:46:53,456: log_options() 'smart_notice_shown = False'
INFO: 2023-06-19 13:46:53,456: log_options() 'smart_register_shown = False'
INFO: 2023-06-19 13:46:53,456: log_options() 'sources = [[True, 'favorites', 'The Favorites folder'], [True, 'fetched', 'The Fetched folder'], [True, 'folder', '/usr/share/backgrounds'], [False, 'flickr', 'user:www.flickr.com/photos/peter-levi/;user_id:93647178@N00;'], [False, 'apod', "NASA's Astronomy Picture of the Day"], [False, 'bing', 'Bing Photo of the Day'], [False, 'earthview', 'Google Earth View Wallpapers'], [False, 'natgeo', "National Geographic's photo of the day"], [False, 'unsplash', 'High-resolution photos from Unsplash.com']]'
INFO: 2023-06-19 13:46:53,456: log_options() 'stats_enabled = True'
INFO: 2023-06-19 13:46:53,456: log_options() 'stats_notice_shown = False'
INFO: 2023-06-19 13:46:53,456: log_options() 'sync_enabled = True'
INFO: 2023-06-19 13:46:53,456: log_options() 'use_landscape_enabled = True'
INFO: 2023-06-19 13:46:53,456: log_options() 'wallhaven_api_key = '
INFO: 2023-06-19 13:46:53,456: log_options() 'wallpaper_auto_rotate = False'
INFO: 2023-06-19 13:46:53,456: log_options() 'wallpaper_display_mode = os'
INFO: 2023-06-19 13:46:53,456: reload_config() 'No need to clear prepared queue'
INFO: 2023-06-19 13:46:53,456: update_indicator() 'Setting file info to: /usr/share/backgrounds/gruvbox/World_Map_4k_Gruvbox_Light.png'
INFO: 2023-06-19 13:46:53,457: load_banned() 'Missing or invalid banned URLs list, no URLs will be banned'
INFO: 2023-06-19 13:46:53,457: load_last_change_time() 'Change interval < 6 hours, ignore persisted last_change_time, wait initially the whole interval: 300'
INFO: 2023-06-19 13:46:53,457: update_indicator() 'Setting file info to: /usr/share/backgrounds/gruvbox/World_Map_4k_Gruvbox_Light.png'
INFO: 2023-06-19 13:46:53,457: regular_change_thread() 'regular_change thread running'
INFO: 2023-06-19 13:46:53,458: prepare_thread() 'Prepare thread running'
INFO: 2023-06-19 13:46:53,458: prepare_thread() 'Prepared buffer contains 0 images'
INFO: 2023-06-19 13:46:53,458: prepare_thread() 'Preparing some images'
INFO: 2023-06-19 13:46:53,471: prepare_thread() 'After search prepared buffer contains 21 images'
INFO: 2023-06-19 13:46:53,481: update_indicator_icon() 'Creating indicator'
WARNING: 2023-06-19 13:46:53,484: create_menu() 'Variety Slideshow is not installed. This is an optional extension adding pan-and-zoom slideshows to Variety: see https://github.com/peterlevi/variety-slideshow for details'
INFO: 2023-06-19 13:46:53,485: create_indicator() 'indicator backend: fallback tray'
INFO: 2023-06-19 13:46:53,487: set_from_theme_icon() 'Showing status icon variety-indicator from GTK theme'
INFO: 2023-06-19 13:46:53,558: do_set_wp() 'Calling do_set_wp with /usr/share/backgrounds/gruvbox/World_Map_4k_Gruvbox_Light.png, time: 1687175213.55813'
INFO: 2023-06-19 13:46:53,558: do_set_wp() 'Missing file or bad permissions, will not use it: /usr/share/backgrounds/gruvbox/World_Map_4k_Gruvbox_Light.png'
INFO: 2023-06-19 13:46:54,635: reload() 'Reloading preferences dialog'
INFO: 2023-06-19 13:46:55,472: trigger_download() 'Triggering download thread to check if download needed and possible'
INFO: 2023-06-19 13:51:53,457: regular_change_thread() 'regular_change changes wallpaper'
INFO: 2023-06-19 13:51:53,457: set_wallpaper() 'Calling set_wallpaper with /usr/share/backgrounds/gruvbox/leaves-3.jpg'
INFO: 2023-06-19 13:51:53,457: prepare_thread() 'Prepared buffer contains 20 images'
INFO: 2023-06-19 13:51:53,457: do_set_wp() 'Calling do_set_wp with /usr/share/backgrounds/gruvbox/leaves-3.jpg, time: 1687175513.4579751'
INFO: 2023-06-19 13:51:53,463: update_indicator() 'Setting file info to: /usr/share/backgrounds/gruvbox/leaves-3.jpg'
INFO: 2023-06-19 13:51:53,463: list_files() 'More than 1 files in the folders, stop listing'
INFO: 2023-06-19 13:51:55,458: trigger_download() 'Triggering download thread to check if download needed and possible'
INFO: 2023-06-19 13:56:53,527: regular_change_thread() 'regular_change changes wallpaper'
INFO: 2023-06-19 13:56:53,527: set_wallpaper() 'Calling set_wallpaper with /usr/share/backgrounds/gruvbox/houseonthesideofalake.jpg'
INFO: 2023-06-19 13:56:53,527: prepare_thread() 'Prepared buffer contains 19 images'
INFO: 2023-06-19 13:56:53,528: do_set_wp() 'Calling do_set_wp with /usr/share/backgrounds/gruvbox/houseonthesideofalake.jpg, time: 1687175813.5280008'
INFO: 2023-06-19 13:56:53,532: update_indicator() 'Setting file info to: /usr/share/backgrounds/gruvbox/houseonthesideofalake.jpg'
INFO: 2023-06-19 13:56:53,533: list_files() 'More than 1 files in the folders, stop listing'
INFO: 2023-06-19 13:56:55,528: trigger_download() 'Triggering download thread to check if download needed and possible'
INFO: 2023-06-19 14:01:53,596: regular_change_thread() 'regular_change changes wallpaper'
INFO: 2023-06-19 14:01:53,596: set_wallpaper() 'Calling set_wallpaper with /usr/share/backgrounds/gruvbox/coffee-beans.jpg'
INFO: 2023-06-19 14:01:53,596: prepare_thread() 'Prepared buffer contains 18 images'
INFO: 2023-06-19 14:01:53,597: do_set_wp() 'Calling do_set_wp with /usr/share/backgrounds/gruvbox/coffee-beans.jpg, time: 1687176113.5972657'
INFO: 2023-06-19 14:01:53,602: update_indicator() 'Setting file info to: /usr/share/backgrounds/gruvbox/coffee-beans.jpg'
INFO: 2023-06-19 14:01:53,603: list_files() 'More than 1 files in the folders, stop listing'
INFO: 2023-06-19 14:01:55,597: trigger_download() 'Triggering download thread to check if download needed and possible'
INFO: 2023-06-19 14:06:53,666: regular_change_thread() 'regular_change changes wallpaper'
INFO: 2023-06-19 14:06:53,666: set_wallpaper() 'Calling set_wallpaper with /usr/share/backgrounds/gruvbox/spaceman.jpg'
INFO: 2023-06-19 14:06:53,666: prepare_thread() 'Prepared buffer contains 17 images'
INFO: 2023-06-19 14:06:53,667: do_set_wp() 'Calling do_set_wp with /usr/share/backgrounds/gruvbox/spaceman.jpg, time: 1687176413.6673644'
INFO: 2023-06-19 14:06:53,672: update_indicator() 'Setting file info to: /usr/share/backgrounds/gruvbox/spaceman.jpg'
INFO: 2023-06-19 14:06:53,697: list_files() 'More than 1 files in the folders, stop listing'
INFO: 2023-06-19 14:06:55,667: trigger_download() 'Triggering download thread to check if download needed and possible'
INFO: 2023-06-19 14:11:53,736: regular_change_thread() 'regular_change changes wallpaper'
INFO: 2023-06-19 14:11:53,736: set_wallpaper() 'Calling set_wallpaper with /usr/share/backgrounds/gruvbox/forest-2.jpg'
INFO: 2023-06-19 14:11:53,737: do_set_wp() 'Calling do_set_wp with /usr/share/backgrounds/gruvbox/forest-2.jpg, time: 1687176713.737302'
INFO: 2023-06-19 14:11:53,737: prepare_thread() 'Prepared buffer contains 16 images'
INFO: 2023-06-19 14:11:53,742: update_indicator() 'Setting file info to: /usr/share/backgrounds/gruvbox/forest-2.jpg'
INFO: 2023-06-19 14:11:53,742: list_files() 'More than 1 files in the folders, stop listing'
INFO: 2023-06-19 14:11:55,738: trigger_download() 'Triggering download thread to check if download needed and possible'
INFO: 2023-06-19 14:16:53,806: regular_change_thread() 'regular_change changes wallpaper'
INFO: 2023-06-19 14:16:53,806: set_wallpaper() 'Calling set_wallpaper with /usr/share/backgrounds/gruvbox/not-so-gruv-city.jpg'
INFO: 2023-06-19 14:16:53,806: prepare_thread() 'Prepared buffer contains 15 images'
INFO: 2023-06-19 14:16:53,807: do_set_wp() 'Calling do_set_wp with /usr/share/backgrounds/gruvbox/not-so-gruv-city.jpg, time: 1687177013.8072035'
INFO: 2023-06-19 14:16:53,812: update_indicator() 'Setting file info to: /usr/share/backgrounds/gruvbox/not-so-gruv-city.jpg'
INFO: 2023-06-19 14:16:53,812: list_files() 'More than 1 files in the folders, stop listing'
INFO: 2023-06-19 14:16:55,807: trigger_download() 'Triggering download thread to check if download needed and possible'
INFO: 2023-06-19 14:21:53,875: regular_change_thread() 'regular_change changes wallpaper'
INFO: 2023-06-19 14:21:53,876: set_wallpaper() 'Calling set_wallpaper with /usr/share/backgrounds/gruvbox/Poppy Hill Road.jpg'
INFO: 2023-06-19 14:21:53,876: prepare_thread() 'Prepared buffer contains 14 images'
INFO: 2023-06-19 14:21:53,876: do_set_wp() 'Calling do_set_wp with /usr/share/backgrounds/gruvbox/Poppy Hill Road.jpg, time: 1687177313.87643'
INFO: 2023-06-19 14:21:53,880: update_indicator() 'Setting file info to: /usr/share/backgrounds/gruvbox/Poppy Hill Road.jpg'
INFO: 2023-06-19 14:21:53,881: list_files() 'More than 1 files in the folders, stop listing'
INFO: 2023-06-19 14:21:55,876: trigger_download() 'Triggering download thread to check if download needed and possible'
INFO: 2023-06-19 14:26:53,945: regular_change_thread() 'regular_change changes wallpaper'
INFO: 2023-06-19 14:26:53,945: set_wallpaper() 'Calling set_wallpaper with /usr/share/backgrounds/gruvbox/houses.jpg'
INFO: 2023-06-19 14:26:53,945: do_set_wp() 'Calling do_set_wp with /usr/share/backgrounds/gruvbox/houses.jpg, time: 1687177613.9458435'
INFO: 2023-06-19 14:26:53,946: prepare_thread() 'Prepared buffer contains 13 images'
INFO: 2023-06-19 14:26:53,951: update_indicator() 'Setting file info to: /usr/share/backgrounds/gruvbox/houses.jpg'
INFO: 2023-06-19 14:26:53,977: list_files() 'More than 1 files in the folders, stop listing'
INFO: 2023-06-19 14:26:55,946: trigger_download() 'Triggering download thread to check if download needed and possible'
INFO: 2023-06-19 14:31:54,014: regular_change_thread() 'regular_change changes wallpaper'
INFO: 2023-06-19 14:31:54,015: set_wallpaper() 'Calling set_wallpaper with /usr/share/backgrounds/gruvbox/mushroom-gruvbox-style.jpg'
INFO: 2023-06-19 14:31:54,015: prepare_thread() 'Prepared buffer contains 12 images'
INFO: 2023-06-19 14:31:54,015: do_set_wp() 'Calling do_set_wp with /usr/share/backgrounds/gruvbox/mushroom-gruvbox-style.jpg, time: 1687177914.0157368'
INFO: 2023-06-19 14:31:54,020: update_indicator() 'Setting file info to: /usr/share/backgrounds/gruvbox/mushroom-gruvbox-style.jpg'
INFO: 2023-06-19 14:31:54,021: list_files() 'More than 1 files in the folders, stop listing'
INFO: 2023-06-19 14:31:56,015: trigger_download() 'Triggering download thread to check if download needed and possible'
INFO: 2023-06-19 14:36:54,084: regular_change_thread() 'regular_change changes wallpaper'
INFO: 2023-06-19 14:36:54,084: set_wallpaper() 'Calling set_wallpaper with /usr/share/backgrounds/gruvbox/flowers.jpg'
INFO: 2023-06-19 14:36:54,085: do_set_wp() 'Calling do_set_wp with /usr/share/backgrounds/gruvbox/flowers.jpg, time: 1687178214.0850298'
INFO: 2023-06-19 14:36:54,085: prepare_thread() 'Prepared buffer contains 11 images'
INFO: 2023-06-19 14:36:54,089: update_indicator() 'Setting file info to: /usr/share/backgrounds/gruvbox/flowers.jpg'
INFO: 2023-06-19 14:36:54,090: list_files() 'More than 1 files in the folders, stop listing'
INFO: 2023-06-19 14:36:56,085: trigger_download() 'Triggering download thread to check if download needed and possible'
INFO: 2023-06-19 14:41:54,153: regular_change_thread() 'regular_change changes wallpaper'
INFO: 2023-06-19 14:41:54,154: set_wallpaper() 'Calling set_wallpaper with /usr/share/backgrounds/gruvbox/river.jpg'
INFO: 2023-06-19 14:41:54,154: prepare_thread() 'Prepared buffer contains 10 images'
INFO: 2023-06-19 14:41:54,154: prepare_thread() 'Preparing some images'
INFO: 2023-06-19 14:41:54,155: do_set_wp() 'Calling do_set_wp with /usr/share/backgrounds/gruvbox/river.jpg, time: 1687178514.1550667'
INFO: 2023-06-19 14:41:54,160: update_indicator() 'Setting file info to: /usr/share/backgrounds/gruvbox/river.jpg'
INFO: 2023-06-19 14:41:54,161: list_files() 'More than 1 files in the folders, stop listing'
INFO: 2023-06-19 14:41:54,167: prepare_thread() 'After search prepared buffer contains 21 images'
INFO: 2023-06-19 14:41:56,167: trigger_download() 'Triggering download thread to check if download needed and possible'
INFO: 2023-06-19 14:46:54,224: regular_change_thread() 'regular_change changes wallpaper'
INFO: 2023-06-19 14:46:54,224: set_wallpaper() 'Calling set_wallpaper with /usr/share/backgrounds/gruvbox/cat.jpg'
INFO: 2023-06-19 14:46:54,224: prepare_thread() 'Prepared buffer contains 20 images'
INFO: 2023-06-19 14:46:54,224: do_set_wp() 'Calling do_set_wp with /usr/share/backgrounds/gruvbox/cat.jpg, time: 1687178814.2246706'
INFO: 2023-06-19 14:46:54,230: update_indicator() 'Setting file info to: /usr/share/backgrounds/gruvbox/cat.jpg'
INFO: 2023-06-19 14:46:54,230: list_files() 'More than 1 files in the folders, stop listing'
INFO: 2023-06-19 14:46:56,224: trigger_download() 'Triggering download thread to check if download needed and possible'
INFO: 2023-06-19 14:51:54,294: regular_change_thread() 'regular_change changes wallpaper'
INFO: 2023-06-19 14:51:54,294: set_wallpaper() 'Calling set_wallpaper with /usr/share/backgrounds/gruvbox/viG9D40.png'
INFO: 2023-06-19 14:51:54,294: do_set_wp() 'Calling do_set_wp with /usr/share/backgrounds/gruvbox/viG9D40.png, time: 1687179114.2946136'
INFO: 2023-06-19 14:51:54,294: prepare_thread() 'Prepared buffer contains 19 images'
INFO: 2023-06-19 14:51:54,300: update_indicator() 'Setting file info to: /usr/share/backgrounds/gruvbox/viG9D40.png'
INFO: 2023-06-19 14:51:54,323: list_files() 'More than 1 files in the folders, stop listing'
INFO: 2023-06-19 14:51:56,294: trigger_download() 'Triggering download thread to check if download needed and possible'
INFO: 2023-06-19 14:56:54,364: regular_change_thread() 'regular_change changes wallpaper'
INFO: 2023-06-19 14:56:54,364: set_wallpaper() 'Calling set_wallpaper with /usr/share/backgrounds/gruvbox/Poppy Hill Road.jpg'
INFO: 2023-06-19 14:56:54,364: prepare_thread() 'Prepared buffer contains 18 images'
INFO: 2023-06-19 14:56:54,364: do_set_wp() 'Calling do_set_wp with /usr/share/backgrounds/gruvbox/Poppy Hill Road.jpg, time: 1687179414.3649704'
INFO: 2023-06-19 14:56:54,370: update_indicator() 'Setting file info to: /usr/share/backgrounds/gruvbox/Poppy Hill Road.jpg'
INFO: 2023-06-19 14:56:54,371: list_files() 'More than 1 files in the folders, stop listing'
INFO: 2023-06-19 14:56:56,365: trigger_download() 'Triggering download thread to check if download needed and possible'
INFO: 2023-06-19 15:01:54,434: regular_change_thread() 'regular_change changes wallpaper'
INFO: 2023-06-19 15:01:54,434: set_wallpaper() 'Calling set_wallpaper with /usr/share/backgrounds/gruvbox/forest.jpg'
INFO: 2023-06-19 15:01:54,434: do_set_wp() 'Calling do_set_wp with /usr/share/backgrounds/gruvbox/forest.jpg, time: 1687179714.4348464'
INFO: 2023-06-19 15:01:54,435: prepare_thread() 'Prepared buffer contains 17 images'
INFO: 2023-06-19 15:01:54,440: update_indicator() 'Setting file info to: /usr/share/backgrounds/gruvbox/forest.jpg'
INFO: 2023-06-19 15:01:54,440: list_files() 'More than 1 files in the folders, stop listing'
INFO: 2023-06-19 15:01:56,435: trigger_download() 'Triggering download thread to check if download needed and possible'
INFO: 2023-06-19 15:06:54,504: regular_change_thread() 'regular_change changes wallpaper'
INFO: 2023-06-19 15:06:54,504: set_wallpaper() 'Calling set_wallpaper with /usr/share/backgrounds/gruvbox/teapots.jpg'
INFO: 2023-06-19 15:06:54,504: prepare_thread() 'Prepared buffer contains 16 images'
INFO: 2023-06-19 15:06:54,504: do_set_wp() 'Calling do_set_wp with /usr/share/backgrounds/gruvbox/teapots.jpg, time: 1687180014.5048263'
INFO: 2023-06-19 15:06:54,510: update_indicator() 'Setting file info to: /usr/share/backgrounds/gruvbox/teapots.jpg'
INFO: 2023-06-19 15:06:54,510: list_files() 'More than 1 files in the folders, stop listing'
INFO: 2023-06-19 15:06:56,504: trigger_download() 'Triggering download thread to check if download needed and possible'
INFO: 2023-06-19 15:11:54,574: regular_change_thread() 'regular_change changes wallpaper'
INFO: 2023-06-19 15:11:54,574: set_wallpaper() 'Calling set_wallpaper with /usr/share/backgrounds/gruvbox/spaceman.jpg'
INFO: 2023-06-19 15:11:54,574: do_set_wp() 'Calling do_set_wp with /usr/share/backgrounds/gruvbox/spaceman.jpg, time: 1687180314.5745084'
INFO: 2023-06-19 15:11:54,574: prepare_thread() 'Prepared buffer contains 15 images'
INFO: 2023-06-19 15:11:54,580: update_indicator() 'Setting file info to: /usr/share/backgrounds/gruvbox/spaceman.jpg'
INFO: 2023-06-19 15:11:54,580: list_files() 'More than 1 files in the folders, stop listing'
INFO: 2023-06-19 15:11:56,574: trigger_download() 'Triggering download thread to check if download needed and possible'
INFO: 2023-06-19 15:16:54,644: regular_change_thread() 'regular_change changes wallpaper'
INFO: 2023-06-19 15:16:54,644: set_wallpaper() 'Calling set_wallpaper with /usr/share/backgrounds/gruvbox/forest-foggy-misty-cloudy.png'
INFO: 2023-06-19 15:16:54,644: prepare_thread() 'Prepared buffer contains 14 images'
INFO: 2023-06-19 15:16:54,644: do_set_wp() 'Calling do_set_wp with /usr/share/backgrounds/gruvbox/forest-foggy-misty-cloudy.png, time: 1687180614.644777'
INFO: 2023-06-19 15:16:54,649: update_indicator() 'Setting file info to: /usr/share/backgrounds/gruvbox/forest-foggy-misty-cloudy.png'
INFO: 2023-06-19 15:16:54,650: list_files() 'More than 1 files in the folders, stop listing'
INFO: 2023-06-19 15:16:56,644: trigger_download() 'Triggering download thread to check if download needed and possible'
INFO: 2023-06-19 15:21:54,713: regular_change_thread() 'regular_change changes wallpaper'
INFO: 2023-06-19 15:21:54,714: set_wallpaper() 'Calling set_wallpaper with /usr/share/backgrounds/gruvbox/typewriter.jpg'
INFO: 2023-06-19 15:21:54,714: prepare_thread() 'Prepared buffer contains 13 images'
INFO: 2023-06-19 15:21:54,714: do_set_wp() 'Calling do_set_wp with /usr/share/backgrounds/gruvbox/typewriter.jpg, time: 1687180914.7144938'
INFO: 2023-06-19 15:21:54,719: update_indicator() 'Setting file info to: /usr/share/backgrounds/gruvbox/typewriter.jpg'
INFO: 2023-06-19 15:21:54,719: list_files() 'More than 1 files in the folders, stop listing'
INFO: 2023-06-19 15:21:56,714: trigger_download() 'Triggering download thread to check if download needed and possible'
INFO: 2023-06-19 15:26:54,833: regular_change_thread() 'regular_change changes wallpaper'
INFO: 2023-06-19 15:26:54,833: set_wallpaper() 'Calling set_wallpaper with /usr/share/backgrounds/gruvbox/waterfall2.jpg'
INFO: 2023-06-19 15:26:54,833: prepare_thread() 'Prepared buffer contains 12 images'
INFO: 2023-06-19 15:26:54,834: do_set_wp() 'Calling do_set_wp with /usr/share/backgrounds/gruvbox/waterfall2.jpg, time: 1687181214.83419'
INFO: 2023-06-19 15:26:54,838: update_indicator() 'Setting file info to: /usr/share/backgrounds/gruvbox/waterfall2.jpg'
INFO: 2023-06-19 15:26:54,867: list_files() 'More than 1 files in the folders, stop listing'
INFO: 2023-06-19 15:26:56,834: trigger_download() 'Triggering download thread to check if download needed and possible'
INFO: 2023-06-19 15:31:54,902: regular_change_thread() 'regular_change changes wallpaper'
INFO: 2023-06-19 15:31:54,902: set_wallpaper() 'Calling set_wallpaper with /usr/share/backgrounds/gruvbox/coffee-beans.jpg'
INFO: 2023-06-19 15:31:54,903: do_set_wp() 'Calling do_set_wp with /usr/share/backgrounds/gruvbox/coffee-beans.jpg, time: 1687181514.902997'
INFO: 2023-06-19 15:31:54,903: prepare_thread() 'Prepared buffer contains 11 images'
INFO: 2023-06-19 15:31:54,908: update_indicator() 'Setting file info to: /usr/share/backgrounds/gruvbox/coffee-beans.jpg'
INFO: 2023-06-19 15:31:54,909: list_files() 'More than 1 files in the folders, stop listing'
INFO: 2023-06-19 15:31:56,903: trigger_download() 'Triggering download thread to check if download needed and possible'
INFO: 2023-06-19 15:36:54,972: regular_change_thread() 'regular_change changes wallpaper'
INFO: 2023-06-19 15:36:54,972: set_wallpaper() 'Calling set_wallpaper with /usr/share/backgrounds/gruvbox/houses.jpg'
INFO: 2023-06-19 15:36:54,972: prepare_thread() 'Prepared buffer contains 10 images'
INFO: 2023-06-19 15:36:54,972: prepare_thread() 'Preparing some images'
INFO: 2023-06-19 15:36:54,973: do_set_wp() 'Calling do_set_wp with /usr/share/backgrounds/gruvbox/houses.jpg, time: 1687181814.9731934'
INFO: 2023-06-19 15:36:54,978: update_indicator() 'Setting file info to: /usr/share/backgrounds/gruvbox/houses.jpg'
INFO: 2023-06-19 15:36:54,979: list_files() 'More than 1 files in the folders, stop listing'
INFO: 2023-06-19 15:36:54,986: prepare_thread() 'After search prepared buffer contains 21 images'
INFO: 2023-06-19 15:36:56,986: trigger_download() 'Triggering download thread to check if download needed and possible'
INFO: 2023-06-19 15:41:55,042: regular_change_thread() 'regular_change changes wallpaper'
INFO: 2023-06-19 15:41:55,042: set_wallpaper() 'Calling set_wallpaper with /usr/share/backgrounds/gruvbox/river.jpg'
INFO: 2023-06-19 15:41:55,043: do_set_wp() 'Calling do_set_wp with /usr/share/backgrounds/gruvbox/river.jpg, time: 1687182115.0431383'
INFO: 2023-06-19 15:41:55,043: prepare_thread() 'Prepared buffer contains 20 images'
INFO: 2023-06-19 15:41:55,048: update_indicator() 'Setting file info to: /usr/share/backgrounds/gruvbox/river.jpg'
INFO: 2023-06-19 15:41:55,049: list_files() 'More than 1 files in the folders, stop listing'
INFO: 2023-06-19 15:41:57,043: trigger_download() 'Triggering download thread to check if download needed and possible'
INFO: 2023-06-19 15:46:55,112: regular_change_thread() 'regular_change changes wallpaper'
INFO: 2023-06-19 15:46:55,112: set_wallpaper() 'Calling set_wallpaper with /usr/share/backgrounds/gruvbox/viG9D40.png'
INFO: 2023-06-19 15:46:55,113: do_set_wp() 'Calling do_set_wp with /usr/share/backgrounds/gruvbox/viG9D40.png, time: 1687182415.1131463'
INFO: 2023-06-19 15:46:55,113: prepare_thread() 'Prepared buffer contains 19 images'
INFO: 2023-06-19 15:46:55,118: update_indicator() 'Setting file info to: /usr/share/backgrounds/gruvbox/viG9D40.png'
INFO: 2023-06-19 15:46:55,119: list_files() 'More than 1 files in the folders, stop listing'
INFO: 2023-06-19 15:46:57,113: trigger_download() 'Triggering download thread to check if download needed and possible'
